2012-03-01 11:17:24,772 [http-bio-8080-exec-10] ERROR StackTrace  - Full Stack Trace:
java.lang.NullPointerException
	at javax.xml.bind.ContextFinder.handleClassCastException(ContextFinder.java:130)
	at javax.xml.bind.ContextFinder.newInstance(ContextFinder.java:202)
	at javax.xml.bind.ContextFinder.newInstance(ContextFinder.java:147)
	at javax.xml.bind.ContextFinder.find(ContextFinder.java:362)
	at javax.xml.bind.JAXBContext.newInstance(JAXBContext.java:446)
	at javax.xml.bind.JAXBContext.newInstance(JAXBContext.java:409)
	at de.jollyday.util.XMLUtil.createJAXBContext(XMLUtil.java:89)
	at de.jollyday.util.XMLUtil.unmarshallConfiguration(XMLUtil.java:67)
	at de.jollyday.impl.XMLManager.init(XMLManager.java:283)
	at de.jollyday.HolidayManager.createManager(HolidayManager.java:156)
	at de.jollyday.HolidayManager.getInstance(HolidayManager.java:117)
	at de.jollyday.HolidayManager.getInstance(HolidayManager.java:101)
	at de.jollyday.HolidayManager$getInstance.call(Unknown Source)
	at org.codehaus.groovy.runtime.callsite.CallSiteArray.defaultCall(CallSiteArray.java:42)
	at org.codehaus.groovy.runtime.callsite.AbstractCallSite.call(AbstractCallSite.java:108)
	at org.codehaus.groovy.runtime.callsite.AbstractCallSite.call(AbstractCallSite.java:116)
	at jollycheck.HoliController.index(HoliController.groovy:11)
	at sun.reflect.NativeMethodAccessorImpl.invoke0(Native Method)
	at sun.reflect.NativeMethodAccessorImpl.invoke(NativeMethodAccessorImpl.java:39)
	at sun.reflect.DelegatingMethodAccessorImpl.invoke(DelegatingMethodAccessorImpl.java:25)
	at java.lang.reflect.Method.invoke(Method.java:597)
	at com.springsource.loaded.ri.ReflectiveInterceptor.jlrMethodInvoke(ReflectiveInterceptor.java:1231)
	at org.codehaus.groovy.grails.web.servlet.mvc.MixedGrailsControllerHelper.invoke(MixedGrailsControllerHelper.java:67)
	at org.codehaus.groovy.grails.web.servlet.mvc.AbstractGrailsControllerHelper.handleAction(AbstractGrailsControllerHelper.java:330)
	at org.codehaus.groovy.grails.web.servlet.mvc.AbstractGrailsControllerHelper.executeAction(AbstractGrailsControllerHelper.java:211)
	at org.codehaus.groovy.grails.web.servlet.mvc.AbstractGrailsControllerHelper.handleURI(AbstractGrailsControllerHelper.java:177)
	at org.codehaus.groovy.grails.web.servlet.mvc.AbstractGrailsControllerHelper.handleURI(AbstractGrailsControllerHelper.java:116)
	at org.codehaus.groovy.grails.web.servlet.mvc.SimpleGrailsController.handleRequest(SimpleGrailsController.java:72)
	at org.springframework.web.servlet.mvc.SimpleControllerHandlerAdapter.handle(SimpleControllerHandlerAdapter.java:48)
	at org.codehaus.groovy.grails.web.servlet.GrailsDispatcherServlet.doDispatch(GrailsDispatcherServlet.java:325)
	at org.springframework.web.servlet.DispatcherServlet.doService(DispatcherServlet.java:827)
	at org.springframework.web.servlet.FrameworkServlet.processRequest(FrameworkServlet.java:882)
	at org.springframework.web.servlet.FrameworkServlet.doGet(FrameworkServlet.java:778)
	at javax.servlet.http.HttpServlet.service(HttpServlet.java:621)
	at javax.servlet.http.HttpServlet.service(HttpServlet.java:722)
	at org.apache.catalina.core.ApplicationFilterChain.internalDoFilter(ApplicationFilterChain.java:305)
	at org.apache.catalina.core.ApplicationFilterChain.doFilter(ApplicationFilterChain.java:210)
	at org.springframework.web.filter.OncePerRequestFilter.doFilter(OncePerRequestFilter.java:70)
	at org.apache.catalina.core.ApplicationFilterChain.internalDoFilter(ApplicationFilterChain.java:243)
	at org.apache.catalina.core.ApplicationFilterChain.doFilter(ApplicationFilterChain.java:210)
	at org.springframework.web.filter.OncePerRequestFilter.doFilter(OncePerRequestFilter.java:70)
	at org.apache.catalina.core.ApplicationFilterChain.internalDoFilter(ApplicationFilterChain.java:243)
	at org.apache.catalina.core.ApplicationFilterChain.doFilter(ApplicationFilterChain.java:210)
	at org.springframework.web.filter.OncePerRequestFilter.doFilter(OncePerRequestFilter.java:70)
	at org.apache.catalina.core.ApplicationFilterChain.internalDoFilter(ApplicationFilterChain.java:243)
	at org.apache.catalina.core.ApplicationFilterChain.doFilter(ApplicationFilterChain.java:210)
	at org.apache.catalina.core.ApplicationDispatcher.invoke(ApplicationDispatcher.java:684)
	at org.apache.catalina.core.ApplicationDispatcher.processRequest(ApplicationDispatcher.java:471)
	at org.apache.catalina.core.ApplicationDispatcher.doForward(ApplicationDispatcher.java:402)
	at org.apache.catalina.core.ApplicationDispatcher.forward(ApplicationDispatcher.java:329)
	at org.codehaus.groovy.grails.web.util.WebUtils.forwardRequestForUrlMappingInfo(WebUtils.java:311)
	at org.codehaus.groovy.grails.web.util.WebUtils.forwardRequestForUrlMappingInfo(WebUtils.java:276)
	at org.codehaus.groovy.grails.web.util.WebUtils.forwardRequestForUrlMappingInfo(WebUtils.java:267)
	at org.codehaus.groovy.grails.web.mapping.filter.UrlMappingsFilter.doFilterInternal(UrlMappingsFilter.java:209)
	at org.springframework.web.filter.OncePerRequestFilter.doFilter(OncePerRequestFilter.java:76)
	at org.apache.catalina.core.ApplicationFilterChain.internalDoFilter(ApplicationFilterChain.java:243)
	at org.apache.catalina.core.ApplicationFilterChain.doFilter(ApplicationFilterChain.java:210)
	at org.codehaus.groovy.grails.web.sitemesh.GrailsPageFilter.obtainContent(GrailsPageFilter.java:200)
	at org.codehaus.groovy.grails.web.sitemesh.GrailsPageFilter.doFilter(GrailsPageFilter.java:151)
	at org.apache.catalina.core.ApplicationFilterChain.internalDoFilter(ApplicationFilterChain.java:243)
	at org.apache.catalina.core.ApplicationFilterChain.doFilter(ApplicationFilterChain.java:210)
	at javax.servlet.FilterChain$doFilter.call(Unknown Source)
	at org.grails.plugin.resource.DevModeSanityFilter.doFilter(DevModeSanityFilter.groovy:44)
	at org.apache.catalina.core.ApplicationFilterChain.internalDoFilter(ApplicationFilterChain.java:243)
	at org.apache.catalina.core.ApplicationFilterChain.doFilter(ApplicationFilterChain.java:210)
	at org.codehaus.groovy.grails.web.servlet.mvc.GrailsWebRequestFilter.doFilterInternal(GrailsWebRequestFilter.java:69)
	at org.springframework.web.filter.OncePerRequestFilter.doFilter(OncePerRequestFilter.java:76)
	at org.apache.catalina.core.ApplicationFilterChain.internalDoFilter(ApplicationFilterChain.java:243)
	at org.apache.catalina.core.ApplicationFilterChain.doFilter(ApplicationFilterChain.java:210)
	at org.codehaus.groovy.grails.web.filters.HiddenHttpMethodFilter.doFilterInternal(HiddenHttpMethodFilter.java:69)
	at org.springframework.web.filter.OncePerRequestFilter.doFilter(OncePerRequestFilter.java:76)
	at org.apache.catalina.core.ApplicationFilterChain.internalDoFilter(ApplicationFilterChain.java:243)
	at org.apache.catalina.core.ApplicationFilterChain.doFilter(ApplicationFilterChain.java:210)
	at org.springframework.web.filter.CharacterEncodingFilter.doFilterInternal(CharacterEncodingFilter.java:88)
	at org.springframework.web.filter.OncePerRequestFilter.doFilter(OncePerRequestFilter.java:76)
	at org.springframework.web.filter.DelegatingFilterProxy.invokeDelegate(DelegatingFilterProxy.java:346)
	at org.springframework.web.filter.DelegatingFilterProxy.doFilter(DelegatingFilterProxy.java:259)
	at org.apache.catalina.core.ApplicationFilterChain.internalDoFilter(ApplicationFilterChain.java:243)
	at org.apache.catalina.core.ApplicationFilterChain.doFilter(ApplicationFilterChain.java:210)
	at org.apache.catalina.core.StandardWrapperValve.invoke(StandardWrapperValve.java:224)
	at org.apache.catalina.core.StandardContextValve.invoke(StandardContextValve.java:169)
	at org.apache.catalina.core.StandardHostValve.invoke(StandardHostValve.java:168)
	at org.apache.catalina.valves.ErrorReportValve.invoke(ErrorReportValve.java:98)
	at org.apache.catalina.core.StandardEngineValve.invoke(StandardEngineValve.java:118)
	at org.apache.catalina.connector.CoyoteAdapter.service(CoyoteAdapter.java:407)
	at org.apache.coyote.http11.AbstractHttp11Processor.process(AbstractHttp11Processor.java:987)
	at org.apache.coyote.AbstractProtocol$AbstractConnectionHandler.process(AbstractProtocol.java:579)
	at org.apache.tomcat.util.net.JIoEndpoint$SocketProcessor.run(JIoEndpoint.java:309)
	at java.util.concurrent.ThreadPoolExecutor$Worker.runTask(ThreadPoolExecutor.java:886)
	at java.util.concurrent.ThreadPoolExecutor$Worker.run(ThreadPoolExecutor.java:908)
	at java.lang.Thread.run(Thread.java:662)
2012-03-01 11:17:24,775 [http-bio-8080-exec-10] ERROR StackTrace  - Full Stack Trace:
java.lang.NullPointerException
	at javax.xml.bind.ContextFinder.handleClassCastException(ContextFinder.java:130)
	at javax.xml.bind.ContextFinder.newInstance(ContextFinder.java:202)
	at javax.xml.bind.ContextFinder.newInstance(ContextFinder.java:147)
	at javax.xml.bind.ContextFinder.find(ContextFinder.java:362)
	at javax.xml.bind.JAXBContext.newInstance(JAXBContext.java:446)
	at javax.xml.bind.JAXBContext.newInstance(JAXBContext.java:409)
	at de.jollyday.util.XMLUtil.createJAXBContext(XMLUtil.java:89)
	at de.jollyday.util.XMLUtil.unmarshallConfiguration(XMLUtil.java:67)
	at de.jollyday.impl.XMLManager.init(XMLManager.java:283)
	at de.jollyday.HolidayManager.createManager(HolidayManager.java:156)
	at de.jollyday.HolidayManager.getInstance(HolidayManager.java:117)
	at de.jollyday.HolidayManager.getInstance(HolidayManager.java:101)
	at jollycheck.HoliController.index(HoliController.groovy:11)
	at java.util.concurrent.ThreadPoolExecutor$Worker.runTask(ThreadPoolExecutor.java:886)
	at java.util.concurrent.ThreadPoolExecutor$Worker.run(ThreadPoolExecutor.java:908)
	at java.lang.Thread.run(Thread.java:662)
2012-03-01 11:17:24,794 [http-bio-8080-exec-10] ERROR StackTrace  - Full Stack Trace:
java.lang.NullPointerException
	at javax.xml.bind.ContextFinder.handleClassCastException(ContextFinder.java:130)
	at javax.xml.bind.ContextFinder.newInstance(ContextFinder.java:202)
	at javax.xml.bind.ContextFinder.newInstance(ContextFinder.java:147)
	at javax.xml.bind.ContextFinder.find(ContextFinder.java:362)
	at javax.xml.bind.JAXBContext.newInstance(JAXBContext.java:446)
	at javax.xml.bind.JAXBContext.newInstance(JAXBContext.java:409)
	at de.jollyday.util.XMLUtil.createJAXBContext(XMLUtil.java:89)
	at de.jollyday.util.XMLUtil.unmarshallConfiguration(XMLUtil.java:67)
	at de.jollyday.impl.XMLManager.init(XMLManager.java:283)
	at de.jollyday.HolidayManager.createManager(HolidayManager.java:156)
	at de.jollyday.HolidayManager.getInstance(HolidayManager.java:117)
	at de.jollyday.HolidayManager.getInstance(HolidayManager.java:101)
	at jollycheck.HoliController.index(HoliController.groovy:11)
	at java.util.concurrent.ThreadPoolExecutor$Worker.runTask(ThreadPoolExecutor.java:886)
	at java.util.concurrent.ThreadPoolExecutor$Worker.run(ThreadPoolExecutor.java:908)
	at java.lang.Thread.run(Thread.java:662)
2012-03-01 11:17:24,795 [http-bio-8080-exec-10] ERROR StackTrace  - Full Stack Trace:
java.lang.NullPointerException
	at javax.xml.bind.ContextFinder.handleClassCastException(ContextFinder.java:130)
	at javax.xml.bind.ContextFinder.newInstance(ContextFinder.java:202)
	at javax.xml.bind.ContextFinder.newInstance(ContextFinder.java:147)
	at javax.xml.bind.ContextFinder.find(ContextFinder.java:362)
	at javax.xml.bind.JAXBContext.newInstance(JAXBContext.java:446)
	at javax.xml.bind.JAXBContext.newInstance(JAXBContext.java:409)
	at de.jollyday.util.XMLUtil.createJAXBContext(XMLUtil.java:89)
	at de.jollyday.util.XMLUtil.unmarshallConfiguration(XMLUtil.java:67)
	at de.jollyday.impl.XMLManager.init(XMLManager.java:283)
	at de.jollyday.HolidayManager.createManager(HolidayManager.java:156)
	at de.jollyday.HolidayManager.getInstance(HolidayManager.java:117)
	at de.jollyday.HolidayManager.getInstance(HolidayManager.java:101)
	at jollycheck.HoliController.index(HoliController.groovy:11)
	at java.util.concurrent.ThreadPoolExecutor$Worker.runTask(ThreadPoolExecutor.java:886)
	at java.util.concurrent.ThreadPoolExecutor$Worker.run(ThreadPoolExecutor.java:908)
	at java.lang.Thread.run(Thread.java:662)
2012-03-01 11:17:24,795 [http-bio-8080-exec-10] ERROR StackTrace  - Full Stack Trace:
java.lang.NullPointerException
	at javax.xml.bind.ContextFinder.handleClassCastException(ContextFinder.java:130)
	at javax.xml.bind.ContextFinder.newInstance(ContextFinder.java:202)
	at javax.xml.bind.ContextFinder.newInstance(ContextFinder.java:147)
	at javax.xml.bind.ContextFinder.find(ContextFinder.java:362)
	at javax.xml.bind.JAXBContext.newInstance(JAXBContext.java:446)
	at javax.xml.bind.JAXBContext.newInstance(JAXBContext.java:409)
	at de.jollyday.util.XMLUtil.createJAXBContext(XMLUtil.java:89)
	at de.jollyday.util.XMLUtil.unmarshallConfiguration(XMLUtil.java:67)
	at de.jollyday.impl.XMLManager.init(XMLManager.java:283)
	at de.jollyday.HolidayManager.createManager(HolidayManager.java:156)
	at de.jollyday.HolidayManager.getInstance(HolidayManager.java:117)
	at de.jollyday.HolidayManager.getInstance(HolidayManager.java:101)
	at jollycheck.HoliController.index(HoliController.groovy:11)
	at java.util.concurrent.ThreadPoolExecutor$Worker.runTask(ThreadPoolExecutor.java:886)
	at java.util.concurrent.ThreadPoolExecutor$Worker.run(ThreadPoolExecutor.java:908)
	at java.lang.Thread.run(Thread.java:662)
2012-03-01 11:17:24,795 [http-bio-8080-exec-10] ERROR StackTrace  - Full Stack Trace:
java.lang.NullPointerException
	at javax.xml.bind.ContextFinder.handleClassCastException(ContextFinder.java:130)
	at javax.xml.bind.ContextFinder.newInstance(ContextFinder.java:202)
	at javax.xml.bind.ContextFinder.newInstance(ContextFinder.java:147)
	at javax.xml.bind.ContextFinder.find(ContextFinder.java:362)
	at javax.xml.bind.JAXBContext.newInstance(JAXBContext.java:446)
	at javax.xml.bind.JAXBContext.newInstance(JAXBContext.java:409)
	at de.jollyday.util.XMLUtil.createJAXBContext(XMLUtil.java:89)
	at de.jollyday.util.XMLUtil.unmarshallConfiguration(XMLUtil.java:67)
	at de.jollyday.impl.XMLManager.init(XMLManager.java:283)
	at de.jollyday.HolidayManager.createManager(HolidayManager.java:156)
	at de.jollyday.HolidayManager.getInstance(HolidayManager.java:117)
	at de.jollyday.HolidayManager.getInstance(HolidayManager.java:101)
	at jollycheck.HoliController.index(HoliController.groovy:11)
	at java.util.concurrent.ThreadPoolExecutor$Worker.runTask(ThreadPoolExecutor.java:886)
	at java.util.concurrent.ThreadPoolExecutor$Worker.run(ThreadPoolExecutor.java:908)
	at java.lang.Thread.run(Thread.java:662)
